2026/03/23 14:28:09 - mmengine - INFO - 
------------------------------------------------------------
System environment:
    sys.platform: linux
    Python: 3.8.19 (default, Mar 20 2024, 19:58:24) [GCC 11.2.0]
    CUDA available: True
    MUSA available: False
    numpy_random_seed: 721874404
    GPU 0: Tesla T4
    CUDA_HOME: /usr/local/cuda
    NVCC: Cuda compilation tools, release 13.1, V13.1.115
    GCC: gcc (Ubuntu 11.4.0-1ubuntu1~22.04.3) 11.4.0
    PyTorch: 2.4.1+cu121
    PyTorch compiling details: PyTorch built with:
  - GCC 9.3
  - C++ Version: 201703
  - Intel(R) oneAPI Math Kernel Library Version 2022.2-Product Build 20220804 for Intel(R) 64 architecture applications
  - Intel(R) MKL-DNN v3.4.2 (Git Hash 1137e04ec0b5251ca2b4400a4fd3c667ce843d67)
  - OpenMP 201511 (a.k.a. OpenMP 4.5)
  - LAPACK is enabled (usually provided by MKL)
  - NNPACK is enabled
  - CPU capability usage: AVX2
  - CUDA Runtime 12.1
  - NVCC architecture flags: -gencode;arch=compute_50,code=sm_50;-gencode;arch=compute_60,code=sm_60;-gencode;arch=compute_70,code=sm_70;-gencode;arch=compute_75,code=sm_75;-gencode;arch=compute_80,code=sm_80;-gencode;arch=compute_86,code=sm_86;-gencode;arch=compute_90,code=sm_90
  - CuDNN 90.1  (built against CUDA 12.4)
  - Magma 2.6.1
  - Build settings: BLAS_INFO=mkl, BUILD_TYPE=Release, CUDA_VERSION=12.1, CUDNN_VERSION=9.1.0, CXX_COMPILER=/opt/rh/devtoolset-9/root/usr/bin/c++, CXX_FLAGS= -D_GLIBCXX_USE_CXX11_ABI=0 -fabi-version=11 -fvisibility-inlines-hidden -DUSE_PTHREADPOOL -DNDEBUG -DUSE_KINETO -DLIBKINETO_NOROCTRACER -DUSE_FBGEMM -DUSE_PYTORCH_QNNPACK -DUSE_XNNPACK -DSYMBOLICATE_MOBILE_DEBUG_HANDLE -O2 -fPIC -Wall -Wextra -Werror=return-type -Werror=non-virtual-dtor -Werror=bool-operation -Wnarrowing -Wno-missing-field-initializers -Wno-type-limits -Wno-array-bounds -Wno-unknown-pragmas -Wno-unused-parameter -Wno-unused-function -Wno-unused-result -Wno-strict-overflow -Wno-strict-aliasing -Wno-stringop-overflow -Wsuggest-override -Wno-psabi -Wno-error=pedantic -Wno-error=old-style-cast -Wno-missing-braces -fdiagnostics-color=always -faligned-new -Wno-unused-but-set-variable -Wno-maybe-uninitialized -fno-math-errno -fno-trapping-math -Werror=format -Wno-stringop-overflow, LAPACK_INFO=mkl, PERF_WITH_AVX=1, PERF_WITH_AVX2=1, PERF_WITH_AVX512=1, TORCH_VERSION=2.4.1, USE_CUDA=ON, USE_CUDNN=ON, USE_CUSPARSELT=1, USE_EXCEPTION_PTR=1, USE_GFLAGS=OFF, USE_GLOG=OFF, USE_GLOO=ON, USE_MKL=ON, USE_MKLDNN=ON, USE_MPI=OFF, USE_NCCL=1, USE_NNPACK=ON, USE_OPENMP=ON, USE_ROCM=OFF, USE_ROCM_KERNEL_ASSERT=OFF, 

    TorchVision: 0.19.1+cu121
    OpenCV: 4.10.0
    MMEngine: 0.10.5

Runtime environment:
    cudnn_benchmark: True
    mp_cfg: {'mp_start_method': 'fork', 'opencv_num_threads': 0}
    dist_cfg: {'backend': 'nccl'}
    seed: 721874404
    Distributed launcher: none
    Distributed training: False
    GPU number: 1
------------------------------------------------------------

2026/03/23 14:28:10 - mmengine - INFO - Config:
checkpoint_file = 'https://download.openmmlab.com/mmsegmentation/v0.5/pretrain/swin/swin_large_patch4_window7_224_22k_20220308-d5bdebaf.pth'
conv_kernel_size = 1
crop_size = (
    512,
    512,
)
custom_imports = dict(allow_failed_imports=False, imports='mmpretrain.models')
data_preprocessor = dict(
    bgr_to_rgb=True,
    mean=[
        127.5,
        127.5,
        127.5,
    ],
    pad_val=0,
    seg_pad_val=255,
    size=(
        512,
        512,
    ),
    std=[
        127.5,
        127.5,
        127.5,
    ],
    type='SegDataPreProcessor')
data_root = 'data/FSHD_v3_f4_Zygomaticus'
dataset_type = 'FSHD'
default_hooks = dict(
    checkpoint=dict(by_epoch=False, interval=2000, type='CheckpointHook'),
    logger=dict(interval=50, log_metric_by_epoch=False, type='LoggerHook'),
    param_scheduler=dict(type='ParamSchedulerHook'),
    sampler_seed=dict(type='DistSamplerSeedHook'),
    timer=dict(type='IterTimerHook'),
    visualization=dict(type='SegVisualizationHook'))
default_scope = 'mmseg'
env_cfg = dict(
    cudnn_benchmark=True,
    dist_cfg=dict(backend='nccl'),
    mp_cfg=dict(mp_start_method='fork', opencv_num_threads=0))
launcher = 'none'
load_from = '/home/marloes.stemerdink@mydre.org/Documents/trained_model/FSHD_musclespecific_models/FSHD_musclespecific_models/FSHD_KNET_SWIN_f0_Zygomaticus/FSHD_config_SWIN_f0_Zygomaticus.pth'
log_level = 'INFO'
log_processor = dict(by_epoch=False)
model = dict(
    auxiliary_head=dict(
        align_corners=False,
        channels=256,
        concat_input=False,
        dropout_ratio=0.1,
        in_channels=768,
        in_index=2,
        loss_decode=dict(
            class_weight=[
                0.69314718,
                4.8,
            ],
            loss_weight=0.4,
            type='CrossEntropyLoss',
            use_sigmoid=False),
        norm_cfg=dict(requires_grad=True, type='BN'),
        num_classes=2,
        num_convs=1,
        type='FCNHead'),
    backbone=dict(
        attn_drop_rate=0.0,
        depths=[
            2,
            2,
            18,
            2,
        ],
        drop_path_rate=0.3,
        drop_rate=0.0,
        embed_dims=192,
        frozen_stages=-1,
        mlp_ratio=4,
        num_heads=[
            6,
            12,
            24,
            48,
        ],
        out_indices=(
            0,
            1,
            2,
            3,
        ),
        patch_norm=True,
        qk_scale=None,
        qkv_bias=True,
        type='SwinTransformer',
        use_abs_pos_embed=False,
        window_size=7),
    data_preprocessor=dict(
        bgr_to_rgb=True,
        mean=[
            127.5,
            127.5,
            127.5,
        ],
        pad_val=0,
        seg_pad_val=255,
        size=(
            512,
            512,
        ),
        std=[
            127.5,
            127.5,
            127.5,
        ],
        type='SegDataPreProcessor'),
    decode_head=dict(
        kernel_generate_head=dict(
            align_corners=False,
            channels=512,
            dropout_ratio=0.1,
            in_channels=[
                192,
                384,
                768,
                1536,
            ],
            in_index=[
                0,
                1,
                2,
                3,
            ],
            loss_decode=dict(
                class_weight=[
                    0.69314718,
                    4.8,
                ],
                loss_weight=1.0,
                type='CrossEntropyLoss',
                use_sigmoid=False),
            norm_cfg=dict(requires_grad=True, type='BN'),
            num_classes=2,
            pool_scales=(
                1,
                2,
                3,
                6,
            ),
            type='UPerHead'),
        kernel_update_head=[
            dict(
                conv_kernel_size=1,
                dropout=0.0,
                feat_transform_cfg=dict(
                    act_cfg=None, conv_cfg=dict(type='Conv2d')),
                feedforward_channels=2048,
                ffn_act_cfg=dict(inplace=True, type='ReLU'),
                in_channels=512,
                kernel_updator_cfg=dict(
                    act_cfg=dict(inplace=True, type='ReLU'),
                    feat_channels=256,
                    in_channels=256,
                    norm_cfg=dict(type='LN'),
                    out_channels=256,
                    type='KernelUpdator'),
                num_classes=2,
                num_ffn_fcs=2,
                num_heads=8,
                num_mask_fcs=1,
                out_channels=512,
                type='KernelUpdateHead',
                with_ffn=True),
            dict(
                conv_kernel_size=1,
                dropout=0.0,
                feat_transform_cfg=dict(
                    act_cfg=None, conv_cfg=dict(type='Conv2d')),
                feedforward_channels=2048,
                ffn_act_cfg=dict(inplace=True, type='ReLU'),
                in_channels=512,
                kernel_updator_cfg=dict(
                    act_cfg=dict(inplace=True, type='ReLU'),
                    feat_channels=256,
                    in_channels=256,
                    norm_cfg=dict(type='LN'),
                    out_channels=256,
                    type='KernelUpdator'),
                num_classes=2,
                num_ffn_fcs=2,
                num_heads=8,
                num_mask_fcs=1,
                out_channels=512,
                type='KernelUpdateHead',
                with_ffn=True),
            dict(
                conv_kernel_size=1,
                dropout=0.0,
                feat_transform_cfg=dict(
                    act_cfg=None, conv_cfg=dict(type='Conv2d')),
                feedforward_channels=2048,
                ffn_act_cfg=dict(inplace=True, type='ReLU'),
                in_channels=512,
                kernel_updator_cfg=dict(
                    act_cfg=dict(inplace=True, type='ReLU'),
                    feat_channels=256,
                    in_channels=256,
                    norm_cfg=dict(type='LN'),
                    out_channels=256,
                    type='KernelUpdator'),
                num_classes=2,
                num_ffn_fcs=2,
                num_heads=8,
                num_mask_fcs=1,
                out_channels=512,
                type='KernelUpdateHead',
                with_ffn=True),
        ],
        num_stages=3,
        type='IterativeDecodeHead'),
    pretrained=
    'https://download.openmmlab.com/mmsegmentation/v0.5/pretrain/swin/swin_large_patch4_window7_224_22k_20220308-d5bdebaf.pth',
    test_cfg=dict(mode='whole'),
    train_cfg=dict(),
    type='EncoderDecoder')
norm_cfg = dict(requires_grad=True, type='BN')
num_stages = 3
optim_wrapper = dict(
    clip_grad=dict(max_norm=1, norm_type=2),
    optimizer=dict(
        betas=(
            0.9,
            0.999,
        ), lr=6e-05, type='AdamW', weight_decay=0.0005),
    paramwise_cfg=dict(
        custom_keys=dict(
            absolute_pos_embed=dict(decay_mult=0.0),
            norm=dict(decay_mult=0.0),
            relative_position_bias_table=dict(decay_mult=0.0))),
    type='OptimWrapper')
param_scheduler = [
    dict(
        begin=0, by_epoch=False, end=1000, start_factor=0.001,
        type='LinearLR'),
    dict(
        begin=1000,
        by_epoch=False,
        end=20000,
        milestones=[
            16000,
            18000,
        ],
        type='MultiStepLR'),
]
resume = True
test_cfg = dict(type='TestLoop')
test_dataloader = dict(
    batch_size=8,
    dataset=dict(
        data_prefix=dict(img_path='img_dir/test', seg_map_path='ann_dir/test'),
        data_root='data/FSHD_v3_f4_Zygomaticus',
        pipeline=[
            dict(type='LoadImageFromFile'),
            dict(keep_ratio=True, scale=(
                512,
                512,
            ), type='Resize'),
            dict(reduce_zero_label=False, type='LoadAnnotations'),
            dict(type='PackSegInputs'),
        ],
        type='FSHD'),
    num_workers=4,
    persistent_workers=True,
    sampler=dict(shuffle=False, type='DefaultSampler'))
test_evaluator = dict(
    iou_metrics=[
        'mIoU',
    ], type='IoUMetric')
test_pipeline = [
    dict(type='LoadImageFromFile'),
    dict(keep_ratio=True, scale=(
        512,
        512,
    ), type='Resize'),
    dict(reduce_zero_label=False, type='LoadAnnotations'),
    dict(type='PackSegInputs'),
]
train_cfg = dict(max_iters=20000, type='IterBasedTrainLoop', val_interval=2000)
train_dataloader = dict(
    batch_size=2,
    dataset=dict(
        data_prefix=dict(
            img_path='img_dir/train', seg_map_path='ann_dir/train'),
        data_root='data/FSHD_v3_f4_Zygomaticus',
        pipeline=[
            dict(type='LoadImageFromFile'),
            dict(reduce_zero_label=False, type='LoadAnnotations'),
            dict(keep_ratio=True, scale=(
                512,
                512,
            ), type='Resize'),
            dict(
                cat_max_ratio=0.75, crop_size=(
                    512,
                    512,
                ), type='RandomCrop'),
            dict(prob=0.5, type='RandomFlip'),
            dict(type='PhotoMetricDistortion'),
            dict(type='PackSegInputs'),
        ],
        type='FSHD'),
    num_workers=4,
    persistent_workers=True,
    sampler=dict(shuffle=True, type='InfiniteSampler'))
train_pipeline = [
    dict(type='LoadImageFromFile'),
    dict(reduce_zero_label=False, type='LoadAnnotations'),
    dict(keep_ratio=True, scale=(
        512,
        512,
    ), type='Resize'),
    dict(cat_max_ratio=0.75, crop_size=(
        512,
        512,
    ), type='RandomCrop'),
    dict(prob=0.5, type='RandomFlip'),
    dict(type='PhotoMetricDistortion'),
    dict(type='PackSegInputs'),
]
tta_model = dict(type='SegTTAModel')
val_cfg = dict(type='ValLoop')
val_dataloader = dict(
    batch_size=8,
    dataset=dict(
        data_prefix=dict(img_path='img_dir/val', seg_map_path='ann_dir/val'),
        data_root='data/FSHD_v3_f4_Zygomaticus',
        pipeline=[
            dict(type='LoadImageFromFile'),
            dict(keep_ratio=True, scale=(
                512,
                512,
            ), type='Resize'),
            dict(reduce_zero_label=False, type='LoadAnnotations'),
            dict(type='PackSegInputs'),
        ],
        type='FSHD'),
    num_workers=4,
    persistent_workers=True,
    sampler=dict(shuffle=False, type='DefaultSampler'))
val_evaluator = dict(
    iou_metrics=[
        'mIoU',
    ], type='IoUMetric')
vis_backends = [
    dict(type='LocalVisBackend'),
    dict(type='WandbVisBackend'),
]
visualizer = dict(
    classes=[
        'background',
        'muscle',
    ],
    dataset_name='FSHD_KNET_SWIN',
    name='visualizer',
    palette=[
        (
            0,
            0,
            0,
        ),
        (
            128,
            0,
            128,
        ),
    ],
    save_dir='/home/francesco/Desktop/POLI/RADBOUD/RESULTS',
    type='SegLocalVisualizer',
    vis_backends=[
        dict(type='LocalVisBackend'),
        dict(type='WandbVisBackend'),
    ])
work_dir = './work_dirs/FSHD_config_SWIN_f4_Zygomaticus'

